C51 COMPILER V9.60.0.0   LCD                                                               12/15/2021 21:46:27 PAGE 1   


C51 COMPILER V9.60.0.0, COMPILATION OF MODULE LCD
OBJECT MODULE PLACED IN .\Objects\lcd.obj
COMPILER INVOKED BY: C:\Keil\C51\BIN\C51.EXE lcd.c OPTIMIZE(8,SPEED) BROWSE DEBUG OBJECTEXTEND PRINT(.\Listings\lcd.lst)
                    - TABS(2) OBJECT(.\Objects\lcd.obj)

line level    source

   1          #include"twj.h"
   2          void lcd_csh()
   3          {
   4   1          lcd_w_cmd(0x3c);
   5   1          lcd_w_cmd(0x0c);
   6   1          lcd_w_cmd(0x01);
   7   1          lcd_w_cmd(0x06);
   8   1      }
   9          uchar lcd_dzt()
  10          {
  11   1          uchar s;
  12   1          RW=1;
  13   1          delay(200);
  14   1          RS=0;
  15   1          delay(200);
  16   1          E=1;
  17   1          delay(200);
  18   1          s=LCD_DB;
  19   1          delay(200);
  20   1          E=0;
  21   1          delay(200);
  22   1          RW=0;
  23   1          delay(200);
  24   1          return(s);
  25   1      }
  26          void lcd_w_cmd(uchar com)
  27          {
  28   1          uchar i;
  29   1          do
  30   1          {
  31   2              i=lcd_dzt();
  32   2              i=i&0x80;
  33   2              delay(200);
  34   2          }
  35   1          while (i!=0);
  36   1          RW=0;
  37   1          delay(200);
  38   1          RS=0;
  39   1          delay(200);
  40   1          E=1;
  41   1          delay(200);
  42   1          LCD_DB=com;
  43   1          delay(200);
  44   1          E=0;
  45   1          delay(200);
  46   1          RW=1;
  47   1          delay(200);
  48   1      }
  49          void lcd_w_dat(uchar dat)
  50          {
  51   1          uchar i;
  52   1          do
  53   1          {
  54   2              i=lcd_dzt();
C51 COMPILER V9.60.0.0   LCD                                                               12/15/2021 21:46:27 PAGE 2   

  55   2              i=i&0x80;
  56   2              delay(200);
  57   2          }
  58   1          while (i!=0);
  59   1          RW=0;
  60   1          delay(200);
  61   1          RS=1;
  62   1          delay(200);
  63   1          E=1;
  64   1          delay(200);
  65   1          LCD_DB=dat;
  66   1          delay(200);
  67   1          E=0;
  68   1          delay(200);
  69   1          RW=1;
  70   1          delay(200);
  71   1      }


MODULE INFORMATION:   STATIC OVERLAYABLE
   CODE SIZE        =    228    ----
   CONSTANT SIZE    =   ----    ----
   XDATA SIZE       =   ----    ----
   PDATA SIZE       =   ----    ----
   DATA SIZE        =   ----       5
   IDATA SIZE       =   ----    ----
   BIT SIZE         =   ----    ----
END OF MODULE INFORMATION.


C51 COMPILATION COMPLETE.  0 WARNING(S),  0 ERROR(S)
