C51 COMPILER V9.60.0.0   LEDLSD                                                            12/15/2021 21:46:27 PAGE 1   


C51 COMPILER V9.60.0.0, COMPILATION OF MODULE LEDLSD
OBJECT MODULE PLACED IN .\Objects\ledlsd.obj
COMPILER INVOKED BY: C:\Keil\C51\BIN\C51.EXE ledlsd.c OPTIMIZE(8,SPEED) BROWSE DEBUG OBJECTEXTEND PRINT(.\Listings\ledls
                    -d.lst) TABS(2) OBJECT(.\Objects\ledlsd.obj)

line level    source

   1          #include"twj.h"
   2          void main()
   3          {
   4   1          uchar g;
   5   1          P0=0xff;
   6   1          delay(10);
   7   1          lcd_csh();
   8   1          delay(10);
   9   1          lcd_w_cmd(0x85);
  10   1          lcd_w_dat('\%');
  11   1          delay(10);
  12   1              while (1)
  13   1              {
  14   2                  lcd_w_cmd(0x80);
  15   2                  delay(10);
  16   2                  initialize();
  17   2                  adc_zhuanhuan();
  18   2                  xianshi();
  19   2                  for(g=0;g<5;g++)
  20   2                  {
  21   3                      lcd_w_dat(temp[g]);
  22   3                      delay(1000);
  23   3                  }
  24   2              }
  25   1      }


MODULE INFORMATION:   STATIC OVERLAYABLE
   CODE SIZE        =     93    ----
   CONSTANT SIZE    =   ----    ----
   XDATA SIZE       =   ----    ----
   PDATA SIZE       =   ----    ----
   DATA SIZE        =   ----       1
   IDATA SIZE       =   ----    ----
   BIT SIZE         =   ----    ----
END OF MODULE INFORMATION.


C51 COMPILATION COMPLETE.  0 WARNING(S),  0 ERROR(S)
