C51 COMPILER V9.60.0.0   MAIN                                                              12/08/2021 16:56:32 PAGE 1   


C51 COMPILER V9.60.0.0, COMPILATION OF MODULE MAIN
OBJECT MODULE PLACED IN .\Objects\main.obj
COMPILER INVOKED BY: C:\Keil\C51\BIN\C51.EXE main.c OPTIMIZE(8,SPEED) BROWSE DEBUG OBJECTEXTEND PRINT(.\Listings\main.ls
                    -t) TABS(2) OBJECT(.\Objects\main.obj)

line level    source

   1          #include"reg51.h"
   2          #include"string.h"
   3          #include"intrins.h"
   4          #define uchar unsigned char
   5          #define uint unsigned int
   6          void delay(uint x)    
   7          {
   8   1          while(x--);
   9   1          
  10   1      }
  11          uint code cw[]={0x09,0x01,0x03,0x02,0x06,0x04,0x0c,0x08};
  12          uint code ccw[]={0x08,0x0c,0x04,0x06,0x02,0x03,0x01,0x09};
  13          int main(void)
  14          {
  15   1        uchar g=0;
  16   1        int i;
  17   1        for(i=0;i<512;i++)
  18   1        { 
  19   2            for(g=0;g<8;g++)
  20   2            {
  21   3              P3=cw[g];
  22   3              delay(600);
  23   3            }
  24   2        }
  25   1        delay(2000);
  26   1        for(i=0;i<512;i++)
  27   1        { 
  28   2            for(g=0;g<8;g++)
  29   2            {
  30   3              P3=ccw[g];
  31   3              delay(1600);
  32   3            }
  33   2        }
  34   1        P3=0;
  35   1        return 0;
  36   1      }


MODULE INFORMATION:   STATIC OVERLAYABLE
   CODE SIZE        =    134    ----
   CONSTANT SIZE    =     32    ----
   XDATA SIZE       =   ----    ----
   PDATA SIZE       =   ----    ----
   DATA SIZE        =   ----    ----
   IDATA SIZE       =   ----    ----
   BIT SIZE         =   ----    ----
END OF MODULE INFORMATION.


C51 COMPILATION COMPLETE.  0 WARNING(S),  0 ERROR(S)
