C51 COMPILER V9.60.0.0   MAIN                                                              11/27/2021 00:55:43 PAGE 1   


C51 COMPILER V9.60.0.0, COMPILATION OF MODULE MAIN
OBJECT MODULE PLACED IN .\Objects\main.obj
COMPILER INVOKED BY: C:\Keil\C51\BIN\C51.EXE main.c OPTIMIZE(8,SPEED) BROWSE DEBUG OBJECTEXTEND PRINT(.\Listings\main.ls
                    -t) TABS(2) OBJECT(.\Objects\main.obj)

line level    source

   1          #include<REG52.H>
   2          #define uchar unsigned char
   3          #define uint unsigned int
   4          sbit BUTTOR_ZHEN=P1^0;
   5          sbit BUTTOR_FAN=P1^1;
   6          sbit BUTTOR_JIA=P1^2;
   7          sbit BUTTOR_JIAN=P1^3;
   8          uint code cw[]={0x09,0x01,0x03,0x02,0x06,0x04,0x0c,0x08};
   9          uint code ccw[]={0x08,0x0c,0x04,0x06,0x02,0x03,0x01,0x09};
  10          int i,y;
  11          uint speed=500;
  12          void delay(uint x)    
  13          {
  14   1          while(x--);
  15   1      }
  16          int main(void)
  17          {
  18   1          while(1)
  19   1          {       
  20   2                      if(BUTTOR_ZHEN==0)
  21   2                      {
  22   3                          for(y=0;y<8;y++)
  23   3                          {
  24   4                              P0=cw[y];
  25   4                              delay(speed);
  26   4                          }
  27   3                      }
  28   2                      if(BUTTOR_FAN==0)
  29   2                      {
  30   3                          for(y=0;y<8;y++)
  31   3                          {
  32   4                              P0=ccw[y];
  33   4                              delay(speed);
  34   4                          }
  35   3                      }
  36   2                      if(BUTTOR_JIA==0)
  37   2                      {
  38   3                          speed=speed+100;
  39   3                      }
  40   2                      if(BUTTOR_JIAN==0)
  41   2                      {
  42   3                          speed=speed-100;
  43   3                          if(speed<500)
  44   3                          speed=500;
  45   3                      }
  46   2          }
  47   1      }


MODULE INFORMATION:   STATIC OVERLAYABLE
   CODE SIZE        =    167    ----
   CONSTANT SIZE    =     32    ----
   XDATA SIZE       =   ----    ----
   PDATA SIZE       =   ----    ----
C51 COMPILER V9.60.0.0   MAIN                                                              11/27/2021 00:55:43 PAGE 2   

   DATA SIZE        =      6    ----
   IDATA SIZE       =   ----    ----
   BIT SIZE         =   ----    ----
END OF MODULE INFORMATION.


C51 COMPILATION COMPLETE.  0 WARNING(S),  0 ERROR(S)
