C51 COMPILER V9.60.0.0   LEDLSD                                                            04/20/2022 21:57:53 PAGE 1   


C51 COMPILER V9.60.0.0, COMPILATION OF MODULE LEDLSD
OBJECT MODULE PLACED IN .\Objects\ledlsd.obj
COMPILER INVOKED BY: D:\Keil_v5\C51\BIN\C51.EXE ledlsd.c OPTIMIZE(8,SPEED) BROWSE DEBUG OBJECTEXTEND PRINT(.\Listings\le
                    -dlsd.lst) TABS(2) OBJECT(.\Objects\ledlsd.obj)

line level    source

   1          #include"twj.h"
   2          void main()
   3          {
   4   1          uchar g;
   5   1          P0=0xff;
   6   1          delay(10);
   7   1          lcd_csh();
   8   1          delay(10);
   9   1          lcd_w_cmd(0x80);
  10   1          delay(10);
  11   1              while (1)
  12   1              {
  13   2                  lcd_w_cmd(0x80);
  14   2                  delay(10);
  15   2                  initialize();
  16   2                  adc_zhuanhuan();
  17   2                  xianshi();
  18   2                  for(g=0;g<4;g++)
  19   2                  {
  20   3                      lcd_w_dat(temp[g]);
  21   3                      delay(1000);
  22   3                  }
  23   2              }
  24   1      }


MODULE INFORMATION:   STATIC OVERLAYABLE
   CODE SIZE        =     88    ----
   CONSTANT SIZE    =   ----    ----
   XDATA SIZE       =   ----    ----
   PDATA SIZE       =   ----    ----
   DATA SIZE        =   ----       1
   IDATA SIZE       =   ----    ----
   BIT SIZE         =   ----    ----
END OF MODULE INFORMATION.


C51 COMPILATION COMPLETE.  0 WARNING(S),  0 ERROR(S)
